11/23/2022 10:46 | 1Multiplayer | 0h 5m 46s
11/23/2022 11:28 | 2Multiplayer | 0h 20m 38s
11/23/2022 12:30 | 3Multiplayer | 0h 13m 51s
11/23/2022 13:45 | 3Multiplayer | 1h 6m 44s
11/23/2022 13:57 | TD Main Menu | 0h 0m 53s
11/23/2022 13:59 | TD Main Menu | 0h 0m 20s
11/23/2022 17:36 | TD Main Menu | 0h 1m 1s
11/23/2022 18:20 | TD Main Menu | 0h 0m 50s
12/04/2022 16:26 | NeonScene00 | 0h 3m 30s
12/04/2022 17:06 | DemoScene | 0h 0m 44s
12/04/2022 17:08 | DemoScene | 0h 0m 37s
12/04/2022 17:14 | DemoScene | 0h 0m 33s
12/04/2022 17:17 | DemoScene | 0h 0m 33s
12/04/2022 17:18 | DemoScene | 0h 0m 32s
12/04/2022 17:20 | DemoScene | 0h 0m 34s
12/04/2022 17:22 | DemoScene | 0h 0m 34s
12/04/2022 23:02 | NeonScene01 | 0h 7m 33s
12/04/2022 23:20 | NeonScene01 | 0h 3m 38s
12/05/2022 00:53 | NeonScene02 | 0h 11m 14s
12/05/2022 08:29 | 2Multiplayer | 0h 4m 53s
12/05/2022 10:37 | 1Multiplayer | 0h 3m 43s
12/05/2022 10:42 | TD Main Menu | 0h 0m 37s
12/05/2022 19:02 | TD Main Menu | 0h 2m 6s
12/05/2022 20:51 | TD Main Menu | 0h 0m 50s
12/12/2022 22:40 | TD Main Menu | 0h 0m 35s
12/13/2022 10:11 | Tutorial | 0h 1m 53s
12/13/2022 14:21 | New L2 | 0h 5m 34s
12/13/2022 16:30 | Tutorial | 0h 4m 32s
01/10/2023 15:42 | 4Multiplayer | 0h 6m 7s
01/11/2023 20:40 | 5Multiplayer | 0h 0m 15s
01/11/2023 22:25 | 5Multiplayer | 0h 1m 35s
01/11/2023 22:26 | 5Multiplayer | 0h 0m 14s
01/12/2023 17:29 | 5Multiplayer | 0h 2m 3s
